Using pre-set license
Built from '2020.3/staging' branch; Version is '2020.3.11f1 (99c7afb366b3) revision 10078127'; Using compiler version '192528614'; Build Type 'Release'
OS: 'Windows 10 Pro; OS build 19042.1052; Version 2009; 64bit' Language: 'tr' Physical Memory: 16145 MB
BatchMode: 1, IsHumanControllingUs: 0, StartBugReporterOnCrash: 0, Is64bit: 1, IsPro: 0

 COMMAND LINE ARGUMENTS:
C:\Program Files\Unity\Hub\Editor\2020.3.11f1\Editor\Unity.exe
-adb2
-batchMode
-noUpm
-name
AssetImportWorker0
-projectPath
C:/Users/İrem Sevim/Desktop/DenemeProject/Abstract Factory Design Pattern
-logFile
Logs/AssetImportWorker0.log
-srvPort
58668
Successfully changed project path to: C:/Users/İrem Sevim/Desktop/DenemeProject/Abstract Factory Design Pattern
C:/Users/İrem Sevim/Desktop/DenemeProject/Abstract Factory Design Pattern
Using Asset Import Pipeline V2.
Refreshing native plugins compatible for Editor in 22.69 ms, found 2 plugins.
Preloading 0 native plugins for Editor in 0.00 ms.
Initialize engine version: 2020.3.11f1 (99c7afb366b3)
[Subsystems] Discovering subsystems at path C:/Program Files/Unity/Hub/Editor/2020.3.11f1/Editor/Data/Resources/UnitySubsystems
[Subsystems] Discovering subsystems at path C:/Users/İrem Sevim/Desktop/DenemeProject/Abstract Factory Design Pattern/Assets
GfxDevice: creating device client; threaded=0
Direct3D:
    Version:  Direct3D 11.0 [level 11.1]
    Renderer: NVIDIA GeForce RTX 2060 (ID=0x1f15)
    Vendor:   
    VRAM:     5980 MB
    Driver:   27.21.14.6231
Initialize mono
Mono path[0] = 'C:/Program Files/Unity/Hub/Editor/2020.3.11f1/Editor/Data/Managed'
Mono path[1] = 'C:/Program Files/Unity/Hub/Editor/2020.3.11f1/Editor/Data/MonoBleedingEdge/lib/mono/unityjit'
Mono config path = 'C:/Program Files/Unity/Hub/Editor/2020.3.11f1/Editor/Data/MonoBleedingEdge/etc'
Using monoOptions --debugger-agent=transport=dt_socket,embedding=1,server=y,suspend=n,address=127.0.0.1:56472
Begin MonoManager ReloadAssembly
Registering precompiled unity dll's ...
Register platform support module: C:/Program Files/Unity/Hub/Editor/2020.3.11f1/Editor/Data/PlaybackEngines/WindowsStandaloneSupport/UnityEditor.WindowsStandalone.Extensions.dll
Registered in 0.001370 seconds.
Native extension for WindowsStandalone target not found
Refreshing native plugins compatible for Editor in 21.30 ms, found 2 plugins.
Preloading 0 native plugins for Editor in 0.00 ms.
Mono: successfully reloaded assembly
- Completed reload, in  1.469 seconds
Platform modules already initialized, skipping
Registering precompiled user dll's ...
Registered in 0.002783 seconds.
Begin MonoManager ReloadAssembly
Native extension for WindowsStandalone target not found
Refreshing native plugins compatible for Editor in 0.27 ms, found 2 plugins.
Preloading 0 native plugins for Editor in 0.00 ms.
Mono: successfully reloaded assembly
- Completed reload, in  0.912 seconds
Platform modules already initialized, skipping
========================================================================
Worker process is ready to serve import requests
Launched and connected shader compiler UnityShaderCompiler.exe after 0.04 seconds
Refreshing native plugins compatible for Editor in 0.37 ms, found 2 plugins.
Preloading 0 native plugins for Editor in 0.00 ms.
Unloading 1393 Unused Serialized files (Serialized files now loaded: 0)
System memory in use before: 65.2 MB.
System memory in use after: 65.3 MB.

Unloading 26 unused Assets to reduce memory usage. Loaded Objects now: 1819.
Total: 1.822400 ms (FindLiveObjects: 0.149900 ms CreateObjectMapping: 0.049400 ms MarkObjects: 1.538200 ms  DeleteObjects: 0.083300 ms)

========================================================================
Received Prepare
Registering precompiled user dll's ...
Registered in 0.002583 seconds.
Begin MonoManager ReloadAssembly
Native extension for WindowsStandalone target not found
Refreshing native plugins compatible for Editor in 0.27 ms, found 2 plugins.
Preloading 0 native plugins for Editor in 0.00 ms.
Mono: successfully reloaded assembly
- Completed reload, in  0.826 seconds
Platform modules already initialized, skipping
Refreshing native plugins compatible for Editor in 0.28 ms, found 2 plugins.
Preloading 0 native plugins for Editor in 0.00 ms.
Unloading 1381 Unused Serialized files (Serialized files now loaded: 0)
System memory in use before: 65.0 MB.
System memory in use after: 65.1 MB.

Unloading 14 unused Assets to reduce memory usage. Loaded Objects now: 1822.
Total: 1.561900 ms (FindLiveObjects: 0.153700 ms CreateObjectMapping: 0.048400 ms MarkObjects: 1.315100 ms  DeleteObjects: 0.044100 ms)

========================================================================
Received Import Request.
  path: Assets/Scripts/Phone.cs
  artifactKey: Guid(8e9df2d3816c9804cbbe8602ecdb24e8) Importer(815301076,1909f56bfc062723c751e8b465ee728b)
Start importing Assets/Scripts/Phone.cs using Guid(8e9df2d3816c9804cbbe8602ecdb24e8) Importer(815301076,1909f56bfc062723c751e8b465ee728b)  -> (artifact id: '044ef48a61df9905fe0d1ca0baa70c5c') in 0.020673 seconds
  Import took 0.022859 seconds .

========================================================================
Received Prepare
Registering precompiled user dll's ...
Registered in 0.003021 seconds.
Begin MonoManager ReloadAssembly
Native extension for WindowsStandalone target not found
Refreshing native plugins compatible for Editor in 0.29 ms, found 2 plugins.
Preloading 0 native plugins for Editor in 0.00 ms.
Mono: successfully reloaded assembly
- Completed reload, in  0.883 seconds
Platform modules already initialized, skipping
Refreshing native plugins compatible for Editor in 0.28 ms, found 2 plugins.
Preloading 0 native plugins for Editor in 0.00 ms.
Unloading 1382 Unused Serialized files (Serialized files now loaded: 0)
System memory in use before: 65.1 MB.
System memory in use after: 65.1 MB.

Unloading 14 unused Assets to reduce memory usage. Loaded Objects now: 1826.
Total: 1.876400 ms (FindLiveObjects: 0.139200 ms CreateObjectMapping: 0.043800 ms MarkObjects: 1.608700 ms  DeleteObjects: 0.083800 ms)

========================================================================
Received Prepare
Registering precompiled user dll's ...
Registered in 0.003424 seconds.
Begin MonoManager ReloadAssembly
Native extension for WindowsStandalone target not found
Refreshing native plugins compatible for Editor in 0.25 ms, found 2 plugins.
Preloading 0 native plugins for Editor in 0.00 ms.
Mono: successfully reloaded assembly
- Completed reload, in  0.818 seconds
Platform modules already initialized, skipping
Refreshing native plugins compatible for Editor in 0.26 ms, found 2 plugins.
Preloading 0 native plugins for Editor in 0.00 ms.
Unloading 1382 Unused Serialized files (Serialized files now loaded: 0)
System memory in use before: 65.1 MB.
System memory in use after: 65.2 MB.

Unloading 14 unused Assets to reduce memory usage. Loaded Objects now: 1829.
Total: 1.493200 ms (FindLiveObjects: 0.119100 ms CreateObjectMapping: 0.036800 ms MarkObjects: 1.299300 ms  DeleteObjects: 0.037200 ms)

========================================================================
Received Import Request.
  Time since last request: 28.260874 seconds.
  path: Assets/Scripts/S8Phone.cs
  artifactKey: Guid(c2297fe89113d52419e08888a2247250) Importer(815301076,1909f56bfc062723c751e8b465ee728b)
Start importing Assets/Scripts/S8Phone.cs using Guid(c2297fe89113d52419e08888a2247250) Importer(815301076,1909f56bfc062723c751e8b465ee728b)  -> (artifact id: '964cc4dbf0aa1de4c2f661e9c57bae68') in 0.015710 seconds
  Import took 0.018177 seconds .

========================================================================
Received Prepare
Registering precompiled user dll's ...
Registered in 0.003175 seconds.
Begin MonoManager ReloadAssembly
Native extension for WindowsStandalone target not found
Refreshing native plugins compatible for Editor in 0.27 ms, found 2 plugins.
Preloading 0 native plugins for Editor in 0.00 ms.
Mono: successfully reloaded assembly
- Completed reload, in  0.836 seconds
Platform modules already initialized, skipping
Refreshing native plugins compatible for Editor in 0.29 ms, found 2 plugins.
Preloading 0 native plugins for Editor in 0.00 ms.
Unloading 1383 Unused Serialized files (Serialized files now loaded: 0)
System memory in use before: 65.1 MB.
System memory in use after: 65.2 MB.

Unloading 14 unused Assets to reduce memory usage. Loaded Objects now: 1833.
Total: 2.047600 ms (FindLiveObjects: 0.215400 ms CreateObjectMapping: 0.060000 ms MarkObjects: 1.724200 ms  DeleteObjects: 0.047200 ms)

========================================================================
Received Prepare
Registering precompiled user dll's ...
Registered in 0.003394 seconds.
Begin MonoManager ReloadAssembly
Native extension for WindowsStandalone target not found
Refreshing native plugins compatible for Editor in 0.37 ms, found 2 plugins.
Preloading 0 native plugins for Editor in 0.00 ms.
Mono: successfully reloaded assembly
- Completed reload, in  0.798 seconds
Platform modules already initialized, skipping
Refreshing native plugins compatible for Editor in 0.26 ms, found 2 plugins.
Preloading 0 native plugins for Editor in 0.00 ms.
Unloading 1383 Unused Serialized files (Serialized files now loaded: 0)
System memory in use before: 65.1 MB.
System memory in use after: 65.2 MB.

Unloading 14 unused Assets to reduce memory usage. Loaded Objects now: 1836.
Total: 1.507600 ms (FindLiveObjects: 0.123900 ms CreateObjectMapping: 0.040300 ms MarkObjects: 1.299900 ms  DeleteObjects: 0.042500 ms)

========================================================================
Received Import Request.
  Time since last request: 21.742557 seconds.
  path: Assets/Scripts/S8Phone.cs
  artifactKey: Guid(c2297fe89113d52419e08888a2247250) Importer(815301076,1909f56bfc062723c751e8b465ee728b)
Start importing Assets/Scripts/S8Phone.cs using Guid(c2297fe89113d52419e08888a2247250) Importer(815301076,1909f56bfc062723c751e8b465ee728b)  -> (artifact id: 'ab05a51a84cfb15b1200d747d360cc07') in 0.004014 seconds
  Import took 0.005771 seconds .

========================================================================
Received Import Request.
  Time since last request: 1.900788 seconds.
  path: Assets/Scripts/Phone.cs
  artifactKey: Guid(8e9df2d3816c9804cbbe8602ecdb24e8) Importer(815301076,1909f56bfc062723c751e8b465ee728b)
Start importing Assets/Scripts/Phone.cs using Guid(8e9df2d3816c9804cbbe8602ecdb24e8) Importer(815301076,1909f56bfc062723c751e8b465ee728b)  -> (artifact id: '97051e83e339603891b557a4c46b82bd') in 0.001643 seconds
  Import took 0.003444 seconds .

========================================================================
Received Prepare
Registering precompiled user dll's ...
Registered in 0.002519 seconds.
Begin MonoManager ReloadAssembly
Native extension for WindowsStandalone target not found
Refreshing native plugins compatible for Editor in 0.26 ms, found 2 plugins.
Preloading 0 native plugins for Editor in 0.00 ms.
Mono: successfully reloaded assembly
- Completed reload, in  0.785 seconds
Platform modules already initialized, skipping
Refreshing native plugins compatible for Editor in 0.26 ms, found 2 plugins.
Preloading 0 native plugins for Editor in 0.00 ms.
Unloading 1382 Unused Serialized files (Serialized files now loaded: 0)
System memory in use before: 65.1 MB.
System memory in use after: 65.2 MB.

Unloading 15 unused Assets to reduce memory usage. Loaded Objects now: 1838.
Total: 1.500500 ms (FindLiveObjects: 0.126200 ms CreateObjectMapping: 0.040800 ms MarkObjects: 1.291500 ms  DeleteObjects: 0.041000 ms)

========================================================================
Received Import Request.
  Time since last request: 21.389252 seconds.
  path: Assets/Scripts/Iphone.cs
  artifactKey: Guid(62d83e9bf1f05d74385cbcd0d300c306) Importer(815301076,1909f56bfc062723c751e8b465ee728b)
Start importing Assets/Scripts/Iphone.cs using Guid(62d83e9bf1f05d74385cbcd0d300c306) Importer(815301076,1909f56bfc062723c751e8b465ee728b)  -> (artifact id: '6c342e72aa4ddb7b9019ccd2a096fe40') in 0.010717 seconds
  Import took 0.013209 seconds .

========================================================================
Received Prepare
Registering precompiled user dll's ...
Registered in 0.002945 seconds.
Begin MonoManager ReloadAssembly
Native extension for WindowsStandalone target not found
Refreshing native plugins compatible for Editor in 0.84 ms, found 2 plugins.
Preloading 0 native plugins for Editor in 0.00 ms.
Mono: successfully reloaded assembly
- Completed reload, in  0.856 seconds
Platform modules already initialized, skipping
Refreshing native plugins compatible for Editor in 0.27 ms, found 2 plugins.
Preloading 0 native plugins for Editor in 0.00 ms.
Unloading 1383 Unused Serialized files (Serialized files now loaded: 0)
System memory in use before: 65.1 MB.
System memory in use after: 65.2 MB.

Unloading 14 unused Assets to reduce memory usage. Loaded Objects now: 1842.
Total: 1.560000 ms (FindLiveObjects: 0.136000 ms CreateObjectMapping: 0.041800 ms MarkObjects: 1.339700 ms  DeleteObjects: 0.041700 ms)

========================================================================
Received Prepare
Registering precompiled user dll's ...
Registered in 0.003033 seconds.
Begin MonoManager ReloadAssembly
Native extension for WindowsStandalone target not found
Refreshing native plugins compatible for Editor in 0.26 ms, found 2 plugins.
Preloading 0 native plugins for Editor in 0.00 ms.
Mono: successfully reloaded assembly
- Completed reload, in  0.819 seconds
Platform modules already initialized, skipping
Refreshing native plugins compatible for Editor in 0.26 ms, found 2 plugins.
Preloading 0 native plugins for Editor in 0.00 ms.
Unloading 1383 Unused Serialized files (Serialized files now loaded: 0)
System memory in use before: 65.1 MB.
System memory in use after: 65.2 MB.

Unloading 14 unused Assets to reduce memory usage. Loaded Objects now: 1845.
Total: 1.523400 ms (FindLiveObjects: 0.122300 ms CreateObjectMapping: 0.039200 ms MarkObjects: 1.325100 ms  DeleteObjects: 0.036200 ms)

========================================================================
Received Import Request.
  Time since last request: 19.801344 seconds.
  path: Assets/Scripts/Iphone.cs
  artifactKey: Guid(62d83e9bf1f05d74385cbcd0d300c306) Importer(815301076,1909f56bfc062723c751e8b465ee728b)
Start importing Assets/Scripts/Iphone.cs using Guid(62d83e9bf1f05d74385cbcd0d300c306) Importer(815301076,1909f56bfc062723c751e8b465ee728b)  -> (artifact id: '3ec61bbcef80cd003aaaa674ae5d7a79') in 0.003336 seconds
  Import took 0.005158 seconds .

========================================================================
Received Prepare
Registering precompiled user dll's ...
Registered in 0.002445 seconds.
Begin MonoManager ReloadAssembly
Native extension for WindowsStandalone target not found
Refreshing native plugins compatible for Editor in 0.27 ms, found 2 plugins.
Preloading 0 native plugins for Editor in 0.00 ms.
Mono: successfully reloaded assembly
- Completed reload, in  0.812 seconds
Platform modules already initialized, skipping
Refreshing native plugins compatible for Editor in 0.26 ms, found 2 plugins.
Preloading 0 native plugins for Editor in 0.00 ms.
Unloading 1383 Unused Serialized files (Serialized files now loaded: 0)
System memory in use before: 65.1 MB.
System memory in use after: 65.2 MB.

Unloading 14 unused Assets to reduce memory usage. Loaded Objects now: 1848.
Total: 1.491000 ms (FindLiveObjects: 0.121200 ms CreateObjectMapping: 0.040600 ms MarkObjects: 1.291200 ms  DeleteObjects: 0.037200 ms)

========================================================================
Received Import Request.
  Time since last request: 42.186361 seconds.
  path: Assets/Scripts/Andoid.cs
  artifactKey: Guid(f94df2cf19704274daa216536591a559) Importer(815301076,1909f56bfc062723c751e8b465ee728b)
Start importing Assets/Scripts/Andoid.cs using Guid(f94df2cf19704274daa216536591a559) Importer(815301076,1909f56bfc062723c751e8b465ee728b)  -> (artifact id: '998ee8e28489c2666bfcc60b60608567') in 0.009860 seconds
  Import took 0.013081 seconds .

========================================================================
Received Prepare
Registering precompiled user dll's ...
Registered in 0.002498 seconds.
Begin MonoManager ReloadAssembly
Native extension for WindowsStandalone target not found
Refreshing native plugins compatible for Editor in 0.26 ms, found 2 plugins.
Preloading 0 native plugins for Editor in 0.00 ms.
Mono: successfully reloaded assembly
- Completed reload, in  0.809 seconds
Platform modules already initialized, skipping
Refreshing native plugins compatible for Editor in 0.27 ms, found 2 plugins.
Preloading 0 native plugins for Editor in 0.00 ms.
Unloading 1384 Unused Serialized files (Serialized files now loaded: 0)
System memory in use before: 65.2 MB.
System memory in use after: 65.2 MB.

Unloading 14 unused Assets to reduce memory usage. Loaded Objects now: 1852.
Total: 1.559400 ms (FindLiveObjects: 0.134900 ms CreateObjectMapping: 0.052300 ms MarkObjects: 1.332300 ms  DeleteObjects: 0.039000 ms)

========================================================================
Received Prepare
Registering precompiled user dll's ...
Registered in 0.003202 seconds.
Begin MonoManager ReloadAssembly
Native extension for WindowsStandalone target not found
Refreshing native plugins compatible for Editor in 0.26 ms, found 2 plugins.
Preloading 0 native plugins for Editor in 0.00 ms.
Mono: successfully reloaded assembly
- Completed reload, in  0.805 seconds
Platform modules already initialized, skipping
Refreshing native plugins compatible for Editor in 0.30 ms, found 2 plugins.
Preloading 0 native plugins for Editor in 0.00 ms.
Unloading 1384 Unused Serialized files (Serialized files now loaded: 0)
System memory in use before: 65.2 MB.
System memory in use after: 65.3 MB.

Unloading 14 unused Assets to reduce memory usage. Loaded Objects now: 1855.
Total: 1.486400 ms (FindLiveObjects: 0.126300 ms CreateObjectMapping: 0.042000 ms MarkObjects: 1.280600 ms  DeleteObjects: 0.036800 ms)

========================================================================
Received Import Request.
  Time since last request: 55.062037 seconds.
  path: Assets/Scripts/Andoid.cs
  artifactKey: Guid(f94df2cf19704274daa216536591a559) Importer(815301076,1909f56bfc062723c751e8b465ee728b)
Start importing Assets/Scripts/Andoid.cs using Guid(f94df2cf19704274daa216536591a559) Importer(815301076,1909f56bfc062723c751e8b465ee728b)  -> (artifact id: 'fc19581656ac487a9e8706223a93ff82') in 0.003896 seconds
  Import took 0.005624 seconds .

========================================================================
Received Import Request.
  Time since last request: 20.571316 seconds.
  path: Assets/Scripts/AndoidFactory.cs
  artifactKey: Guid(1052cf998347b8947b4e09e849b1f8e9) Importer(815301076,1909f56bfc062723c751e8b465ee728b)
Start importing Assets/Scripts/AndoidFactory.cs using Guid(1052cf998347b8947b4e09e849b1f8e9) Importer(815301076,1909f56bfc062723c751e8b465ee728b)  -> (artifact id: '4f7b4f5cafab82467c3c3c9742eed3d6') in 0.007511 seconds
  Import took 0.009718 seconds .

========================================================================
Received Prepare
Registering precompiled user dll's ...
Registered in 0.002476 seconds.
Begin MonoManager ReloadAssembly
Native extension for WindowsStandalone target not found
Refreshing native plugins compatible for Editor in 0.31 ms, found 2 plugins.
Preloading 0 native plugins for Editor in 0.00 ms.
Mono: successfully reloaded assembly
- Completed reload, in  0.840 seconds
Platform modules already initialized, skipping
Refreshing native plugins compatible for Editor in 0.28 ms, found 2 plugins.
Preloading 0 native plugins for Editor in 0.00 ms.
Unloading 1385 Unused Serialized files (Serialized files now loaded: 0)
System memory in use before: 65.2 MB.
System memory in use after: 65.3 MB.

Unloading 14 unused Assets to reduce memory usage. Loaded Objects now: 1859.
Total: 1.823000 ms (FindLiveObjects: 0.123800 ms CreateObjectMapping: 0.037400 ms MarkObjects: 1.582200 ms  DeleteObjects: 0.078900 ms)

========================================================================
Received Import Request.
  Time since last request: 8.133409 seconds.
  path: Assets/Scripts/IphoneFactory.cs
  artifactKey: Guid(e84dc3a8ae4c3b64dadc96947f91463d) Importer(815301076,1909f56bfc062723c751e8b465ee728b)
Start importing Assets/Scripts/IphoneFactory.cs using Guid(e84dc3a8ae4c3b64dadc96947f91463d) Importer(815301076,1909f56bfc062723c751e8b465ee728b)  -> (artifact id: '77a6b71971924cf1338dd156221ff8d3') in 0.012659 seconds
  Import took 0.021126 seconds .

========================================================================
Received Prepare
Registering precompiled user dll's ...
Registered in 0.002785 seconds.
Begin MonoManager ReloadAssembly
Native extension for WindowsStandalone target not found
Refreshing native plugins compatible for Editor in 0.28 ms, found 2 plugins.
Preloading 0 native plugins for Editor in 0.00 ms.
Mono: successfully reloaded assembly
- Completed reload, in  0.826 seconds
Platform modules already initialized, skipping
Refreshing native plugins compatible for Editor in 0.31 ms, found 2 plugins.
Preloading 0 native plugins for Editor in 0.00 ms.
Unloading 1386 Unused Serialized files (Serialized files now loaded: 0)
System memory in use before: 65.2 MB.
System memory in use after: 65.3 MB.

Unloading 14 unused Assets to reduce memory usage. Loaded Objects now: 1863.
Total: 1.682100 ms (FindLiveObjects: 0.165100 ms CreateObjectMapping: 0.057600 ms MarkObjects: 1.416500 ms  DeleteObjects: 0.041900 ms)

========================================================================
Received Import Request.
  Time since last request: 29.472341 seconds.
  path: Assets/Scripts/PhoneFactory.cs
  artifactKey: Guid(c1d5fe55ccae5ac4a95b4e78585a7afb) Importer(815301076,1909f56bfc062723c751e8b465ee728b)
Start importing Assets/Scripts/PhoneFactory.cs using Guid(c1d5fe55ccae5ac4a95b4e78585a7afb) Importer(815301076,1909f56bfc062723c751e8b465ee728b)  -> (artifact id: '8770786bcae8de283580a212bbb44535') in 0.011395 seconds
  Import took 0.014942 seconds .

========================================================================
Received Prepare
Registering precompiled user dll's ...
Registered in 0.003052 seconds.
Begin MonoManager ReloadAssembly
Native extension for WindowsStandalone target not found
Refreshing native plugins compatible for Editor in 0.26 ms, found 2 plugins.
Preloading 0 native plugins for Editor in 0.00 ms.
Mono: successfully reloaded assembly
- Completed reload, in  0.851 seconds
Platform modules already initialized, skipping
Refreshing native plugins compatible for Editor in 0.26 ms, found 2 plugins.
Preloading 0 native plugins for Editor in 0.00 ms.
Unloading 1387 Unused Serialized files (Serialized files now loaded: 0)
System memory in use before: 65.3 MB.
System memory in use after: 65.3 MB.

Unloading 14 unused Assets to reduce memory usage. Loaded Objects now: 1867.
Total: 1.622400 ms (FindLiveObjects: 0.128400 ms CreateObjectMapping: 0.040600 ms MarkObjects: 1.378300 ms  DeleteObjects: 0.074400 ms)

========================================================================
Received Prepare
Registering precompiled user dll's ...
Registered in 0.004167 seconds.
Begin MonoManager ReloadAssembly
Native extension for WindowsStandalone target not found
Refreshing native plugins compatible for Editor in 0.25 ms, found 2 plugins.
Preloading 0 native plugins for Editor in 0.00 ms.
Mono: successfully reloaded assembly
- Completed reload, in  0.795 seconds
Platform modules already initialized, skipping
Refreshing native plugins compatible for Editor in 0.26 ms, found 2 plugins.
Preloading 0 native plugins for Editor in 0.00 ms.
Unloading 1387 Unused Serialized files (Serialized files now loaded: 0)
System memory in use before: 65.3 MB.
System memory in use after: 65.3 MB.

Unloading 14 unused Assets to reduce memory usage. Loaded Objects now: 1870.
Total: 1.519600 ms (FindLiveObjects: 0.129400 ms CreateObjectMapping: 0.040900 ms MarkObjects: 1.307700 ms  DeleteObjects: 0.040800 ms)

========================================================================
Received Import Request.
  Time since last request: 49.763432 seconds.
  path: Assets/Scripts/PhoneFactory.cs
  artifactKey: Guid(c1d5fe55ccae5ac4a95b4e78585a7afb) Importer(815301076,1909f56bfc062723c751e8b465ee728b)
Start importing Assets/Scripts/PhoneFactory.cs using Guid(c1d5fe55ccae5ac4a95b4e78585a7afb) Importer(815301076,1909f56bfc062723c751e8b465ee728b)  -> (artifact id: '0d9ee52f03929aac5a4c3aa1e0266800') in 0.003953 seconds
  Import took 0.005876 seconds .

========================================================================
Received Prepare
Registering precompiled user dll's ...
Registered in 0.002931 seconds.
Begin MonoManager ReloadAssembly
Native extension for WindowsStandalone target not found
Refreshing native plugins compatible for Editor in 0.34 ms, found 2 plugins.
Preloading 0 native plugins for Editor in 0.00 ms.
Mono: successfully reloaded assembly
- Completed reload, in  0.797 seconds
Platform modules already initialized, skipping
Refreshing native plugins compatible for Editor in 0.26 ms, found 2 plugins.
Preloading 0 native plugins for Editor in 0.00 ms.
Unloading 1387 Unused Serialized files (Serialized files now loaded: 0)
System memory in use before: 65.3 MB.
System memory in use after: 65.3 MB.

Unloading 14 unused Assets to reduce memory usage. Loaded Objects now: 1873.
Total: 1.665600 ms (FindLiveObjects: 0.122300 ms CreateObjectMapping: 0.035800 ms MarkObjects: 1.431000 ms  DeleteObjects: 0.075800 ms)

========================================================================
Received Import Request.
  Time since last request: 576.204482 seconds.
  path: Assets/Scripts/PhoneFactory.cs
  artifactKey: Guid(c1d5fe55ccae5ac4a95b4e78585a7afb) Importer(815301076,1909f56bfc062723c751e8b465ee728b)
Start importing Assets/Scripts/PhoneFactory.cs using Guid(c1d5fe55ccae5ac4a95b4e78585a7afb) Importer(815301076,1909f56bfc062723c751e8b465ee728b)  -> (artifact id: 'f4eeea367b5cd9ac7a915809cee9099f') in 0.005868 seconds
  Import took 0.007542 seconds .

========================================================================
Received Import Request.
  Time since last request: 22.379781 seconds.
  path: Assets/Scripts/PhoneCreater.cs
  artifactKey: Guid(980886c18b3e19a4ebcc77483b3c4365) Importer(815301076,1909f56bfc062723c751e8b465ee728b)
Start importing Assets/Scripts/PhoneCreater.cs using Guid(980886c18b3e19a4ebcc77483b3c4365) Importer(815301076,1909f56bfc062723c751e8b465ee728b)  -> (artifact id: '72972044e45564e3cc9bd12541c21ae4') in 0.008394 seconds
  Import took 0.011120 seconds .

========================================================================
Received Prepare
Registering precompiled user dll's ...
Registered in 0.002541 seconds.
Begin MonoManager ReloadAssembly
Native extension for WindowsStandalone target not found
Refreshing native plugins compatible for Editor in 0.27 ms, found 2 plugins.
Preloading 0 native plugins for Editor in 0.00 ms.
Mono: successfully reloaded assembly
- Completed reload, in  0.834 seconds
Platform modules already initialized, skipping
Refreshing native plugins compatible for Editor in 0.26 ms, found 2 plugins.
Preloading 0 native plugins for Editor in 0.00 ms.
Unloading 1388 Unused Serialized files (Serialized files now loaded: 0)
System memory in use before: 65.3 MB.
System memory in use after: 65.4 MB.

Unloading 14 unused Assets to reduce memory usage. Loaded Objects now: 1877.
Total: 1.589800 ms (FindLiveObjects: 0.144200 ms CreateObjectMapping: 0.043300 ms MarkObjects: 1.326900 ms  DeleteObjects: 0.074100 ms)

========================================================================
Received Prepare
Registering precompiled user dll's ...
Registered in 0.003312 seconds.
Begin MonoManager ReloadAssembly
Native extension for WindowsStandalone target not found
Refreshing native plugins compatible for Editor in 0.25 ms, found 2 plugins.
Preloading 0 native plugins for Editor in 0.00 ms.
Mono: successfully reloaded assembly
- Completed reload, in  0.811 seconds
Platform modules already initialized, skipping
Refreshing native plugins compatible for Editor in 0.27 ms, found 2 plugins.
Preloading 0 native plugins for Editor in 0.00 ms.
Unloading 1388 Unused Serialized files (Serialized files now loaded: 0)
System memory in use before: 65.3 MB.
System memory in use after: 65.4 MB.

Unloading 14 unused Assets to reduce memory usage. Loaded Objects now: 1880.
Total: 1.979100 ms (FindLiveObjects: 0.216900 ms CreateObjectMapping: 0.042900 ms MarkObjects: 1.671500 ms  DeleteObjects: 0.046800 ms)

========================================================================
Received Import Request.
  Time since last request: 208.457750 seconds.
  path: Assets/Scripts/PhoneCreater.cs
  artifactKey: Guid(980886c18b3e19a4ebcc77483b3c4365) Importer(815301076,1909f56bfc062723c751e8b465ee728b)
Start importing Assets/Scripts/PhoneCreater.cs using Guid(980886c18b3e19a4ebcc77483b3c4365) Importer(815301076,1909f56bfc062723c751e8b465ee728b)  -> (artifact id: '821f0607b565f68b8a05cc01ab5598c4') in 0.007496 seconds
  Import took 0.013779 seconds .

========================================================================
Received Prepare
Registering precompiled user dll's ...
Registered in 0.002703 seconds.
Begin MonoManager ReloadAssembly
Native extension for WindowsStandalone target not found
Refreshing native plugins compatible for Editor in 0.26 ms, found 2 plugins.
Preloading 0 native plugins for Editor in 0.00 ms.
Mono: successfully reloaded assembly
- Completed reload, in  0.800 seconds
Platform modules already initialized, skipping
Refreshing native plugins compatible for Editor in 0.29 ms, found 2 plugins.
Preloading 0 native plugins for Editor in 0.00 ms.
Unloading 1388 Unused Serialized files (Serialized files now loaded: 0)
System memory in use before: 65.3 MB.
System memory in use after: 65.4 MB.

Unloading 14 unused Assets to reduce memory usage. Loaded Objects now: 1883.
Total: 1.522400 ms (FindLiveObjects: 0.150800 ms CreateObjectMapping: 0.052600 ms MarkObjects: 1.281700 ms  DeleteObjects: 0.036400 ms)

========================================================================
Received Prepare
Registering precompiled user dll's ...
Registered in 0.003535 seconds.
Begin MonoManager ReloadAssembly
Native extension for WindowsStandalone target not found
Refreshing native plugins compatible for Editor in 0.25 ms, found 2 plugins.
Preloading 0 native plugins for Editor in 0.00 ms.
Mono: successfully reloaded assembly
- Completed reload, in  0.792 seconds
Platform modules already initialized, skipping
Refreshing native plugins compatible for Editor in 0.26 ms, found 2 plugins.
Preloading 0 native plugins for Editor in 0.00 ms.
Unloading 1388 Unused Serialized files (Serialized files now loaded: 0)
System memory in use before: 65.3 MB.
System memory in use after: 65.4 MB.

Unloading 14 unused Assets to reduce memory usage. Loaded Objects now: 1886.
Total: 1.530200 ms (FindLiveObjects: 0.134700 ms CreateObjectMapping: 0.040400 ms MarkObjects: 1.277700 ms  DeleteObjects: 0.076400 ms)

========================================================================
Received Prepare
Registering precompiled user dll's ...
Registered in 0.002571 seconds.
Begin MonoManager ReloadAssembly
Native extension for WindowsStandalone target not found
Refreshing native plugins compatible for Editor in 0.25 ms, found 2 plugins.
Preloading 0 native plugins for Editor in 0.00 ms.
Mono: successfully reloaded assembly
- Completed reload, in  0.763 seconds
Platform modules already initialized, skipping
Refreshing native plugins compatible for Editor in 0.26 ms, found 2 plugins.
Preloading 0 native plugins for Editor in 0.00 ms.
Unloading 1388 Unused Serialized files (Serialized files now loaded: 0)
System memory in use before: 65.3 MB.
System memory in use after: 65.4 MB.

Unloading 14 unused Assets to reduce memory usage. Loaded Objects now: 1889.
Total: 1.600500 ms (FindLiveObjects: 0.143500 ms CreateObjectMapping: 0.046200 ms MarkObjects: 1.333900 ms  DeleteObjects: 0.076000 ms)

========================================================================
Received Import Request.
  Time since last request: 173.653445 seconds.
  path: Assets/Scripts/AndoidFactory.cs
  artifactKey: Guid(1052cf998347b8947b4e09e849b1f8e9) Importer(815301076,1909f56bfc062723c751e8b465ee728b)
Start importing Assets/Scripts/AndoidFactory.cs using Guid(1052cf998347b8947b4e09e849b1f8e9) Importer(815301076,1909f56bfc062723c751e8b465ee728b)  -> (artifact id: 'cf4f82ab137d5e2b25a9f767a8b4f29e') in 0.004158 seconds
  Import took 0.006112 seconds .

========================================================================
Received Import Request.
  Time since last request: 5.260051 seconds.
  path: Assets/Scripts/Iphone.cs
  artifactKey: Guid(62d83e9bf1f05d74385cbcd0d300c306) Importer(815301076,1909f56bfc062723c751e8b465ee728b)
Start importing Assets/Scripts/Iphone.cs using Guid(62d83e9bf1f05d74385cbcd0d300c306) Importer(815301076,1909f56bfc062723c751e8b465ee728b)  -> (artifact id: '8d79f87e6bba0accc65660ed4f743dd3') in 0.001801 seconds
  Import took 0.003927 seconds .

========================================================================
Received Import Request.
  Time since last request: 0.485250 seconds.
  path: Assets/Scripts/IphoneFactory.cs
  artifactKey: Guid(e84dc3a8ae4c3b64dadc96947f91463d) Importer(815301076,1909f56bfc062723c751e8b465ee728b)
Start importing Assets/Scripts/IphoneFactory.cs using Guid(e84dc3a8ae4c3b64dadc96947f91463d) Importer(815301076,1909f56bfc062723c751e8b465ee728b)  -> (artifact id: '6d2fcfe554c7240d896bb5e78ea1cf53') in 0.001553 seconds
  Import took 0.003582 seconds .

========================================================================
Received Import Request.
  Time since last request: 3.968719 seconds.
  path: Assets/Scripts/Phone.cs
  artifactKey: Guid(8e9df2d3816c9804cbbe8602ecdb24e8) Importer(815301076,1909f56bfc062723c751e8b465ee728b)
Start importing Assets/Scripts/Phone.cs using Guid(8e9df2d3816c9804cbbe8602ecdb24e8) Importer(815301076,1909f56bfc062723c751e8b465ee728b)  -> (artifact id: 'a70fe5d25838a4e32a9d80387e97f221') in 0.005824 seconds
  Import took 0.008052 seconds .

========================================================================
Received Import Request.
  Time since last request: 2.747781 seconds.
  path: Assets/Scripts/PhoneCreater.cs
  artifactKey: Guid(980886c18b3e19a4ebcc77483b3c4365) Importer(815301076,1909f56bfc062723c751e8b465ee728b)
Start importing Assets/Scripts/PhoneCreater.cs using Guid(980886c18b3e19a4ebcc77483b3c4365) Importer(815301076,1909f56bfc062723c751e8b465ee728b)  -> (artifact id: '1e5cfeacd5b1f804cdf6ae7048e9ebf2') in 0.001936 seconds
  Import took 0.004495 seconds .

========================================================================
Received Prepare
Registering precompiled user dll's ...
Registered in 0.002572 seconds.
Begin MonoManager ReloadAssembly
Native extension for WindowsStandalone target not found
Refreshing native plugins compatible for Editor in 0.25 ms, found 2 plugins.
Preloading 0 native plugins for Editor in 0.00 ms.
Mono: successfully reloaded assembly
- Completed reload, in  0.784 seconds
Platform modules already initialized, skipping
Refreshing native plugins compatible for Editor in 0.31 ms, found 2 plugins.
Preloading 0 native plugins for Editor in 0.00 ms.
Unloading 1388 Unused Serialized files (Serialized files now loaded: 0)
System memory in use before: 65.3 MB.
System memory in use after: 65.4 MB.

Unloading 14 unused Assets to reduce memory usage. Loaded Objects now: 1892.
Total: 1.672200 ms (FindLiveObjects: 0.140100 ms CreateObjectMapping: 0.041200 ms MarkObjects: 1.440200 ms  DeleteObjects: 0.049700 ms)

========================================================================
Received Prepare
Registering precompiled user dll's ...
Registered in 0.002497 seconds.
Begin MonoManager ReloadAssembly
Native extension for WindowsStandalone target not found
Refreshing native plugins compatible for Editor in 0.26 ms, found 2 plugins.
Preloading 0 native plugins for Editor in 0.00 ms.
Mono: successfully reloaded assembly
- Completed reload, in  0.791 seconds
Platform modules already initialized, skipping
Refreshing native plugins compatible for Editor in 0.34 ms, found 2 plugins.
Preloading 0 native plugins for Editor in 0.00 ms.
Unloading 1388 Unused Serialized files (Serialized files now loaded: 0)
System memory in use before: 65.3 MB.
System memory in use after: 65.4 MB.

Unloading 14 unused Assets to reduce memory usage. Loaded Objects now: 1895.
Total: 1.656000 ms (FindLiveObjects: 0.194600 ms CreateObjectMapping: 0.050700 ms MarkObjects: 1.332000 ms  DeleteObjects: 0.078000 ms)

========================================================================
Received Prepare
Registering precompiled user dll's ...
Registered in 0.003142 seconds.
Begin MonoManager ReloadAssembly
Native extension for WindowsStandalone target not found
Refreshing native plugins compatible for Editor in 0.30 ms, found 2 plugins.
Preloading 0 native plugins for Editor in 0.00 ms.
Mono: successfully reloaded assembly
- Completed reload, in  0.752 seconds
Platform modules already initialized, skipping
Refreshing native plugins compatible for Editor in 0.26 ms, found 2 plugins.
Preloading 0 native plugins for Editor in 0.00 ms.
Unloading 1388 Unused Serialized files (Serialized files now loaded: 0)
System memory in use before: 65.3 MB.
System memory in use after: 65.4 MB.

Unloading 14 unused Assets to reduce memory usage. Loaded Objects now: 1898.
Total: 2.097300 ms (FindLiveObjects: 0.149700 ms CreateObjectMapping: 0.042600 ms MarkObjects: 1.830700 ms  DeleteObjects: 0.073400 ms)

========================================================================
Received Prepare
Registering precompiled user dll's ...
Registered in 0.002615 seconds.
Begin MonoManager ReloadAssembly
Native extension for WindowsStandalone target not found
Refreshing native plugins compatible for Editor in 0.25 ms, found 2 plugins.
Preloading 0 native plugins for Editor in 0.00 ms.
Mono: successfully reloaded assembly
- Completed reload, in  0.783 seconds
Platform modules already initialized, skipping
Refreshing native plugins compatible for Editor in 0.26 ms, found 2 plugins.
Preloading 0 native plugins for Editor in 0.00 ms.
Unloading 1388 Unused Serialized files (Serialized files now loaded: 0)
System memory in use before: 65.3 MB.
System memory in use after: 65.4 MB.

Unloading 14 unused Assets to reduce memory usage. Loaded Objects now: 1901.
Total: 1.597900 ms (FindLiveObjects: 0.167100 ms CreateObjectMapping: 0.042600 ms MarkObjects: 1.328400 ms  DeleteObjects: 0.058800 ms)

========================================================================
Received Prepare
Registering precompiled user dll's ...
Registered in 0.002673 seconds.
Begin MonoManager ReloadAssembly
Native extension for WindowsStandalone target not found
Refreshing native plugins compatible for Editor in 0.25 ms, found 2 plugins.
Preloading 0 native plugins for Editor in 0.00 ms.
Mono: successfully reloaded assembly
- Completed reload, in  0.849 seconds
Platform modules already initialized, skipping
Refreshing native plugins compatible for Editor in 0.27 ms, found 2 plugins.
Preloading 0 native plugins for Editor in 0.00 ms.
Unloading 1388 Unused Serialized files (Serialized files now loaded: 0)
System memory in use before: 65.3 MB.
System memory in use after: 65.4 MB.

Unloading 14 unused Assets to reduce memory usage. Loaded Objects now: 1904.
Total: 2.227700 ms (FindLiveObjects: 0.285400 ms CreateObjectMapping: 0.114100 ms MarkObjects: 1.774700 ms  DeleteObjects: 0.052400 ms)

========================================================================
Received Prepare
Registering precompiled user dll's ...
Registered in 0.003219 seconds.
Begin MonoManager ReloadAssembly
Native extension for WindowsStandalone target not found
Refreshing native plugins compatible for Editor in 0.26 ms, found 2 plugins.
Preloading 0 native plugins for Editor in 0.00 ms.
Mono: successfully reloaded assembly
- Completed reload, in  0.805 seconds
Platform modules already initialized, skipping
Refreshing native plugins compatible for Editor in 0.36 ms, found 2 plugins.
Preloading 0 native plugins for Editor in 0.00 ms.
Unloading 1388 Unused Serialized files (Serialized files now loaded: 0)
System memory in use before: 65.3 MB.
System memory in use after: 65.4 MB.

Unloading 14 unused Assets to reduce memory usage. Loaded Objects now: 1907.
Total: 1.758700 ms (FindLiveObjects: 0.148000 ms CreateObjectMapping: 0.046100 ms MarkObjects: 1.510800 ms  DeleteObjects: 0.053000 ms)

========================================================================
Received Prepare
Registering precompiled user dll's ...
Registered in 0.002647 seconds.
Begin MonoManager ReloadAssembly
Native extension for WindowsStandalone target not found
Refreshing native plugins compatible for Editor in 0.26 ms, found 2 plugins.
Preloading 0 native plugins for Editor in 0.00 ms.
Mono: successfully reloaded assembly
- Completed reload, in  0.769 seconds
Platform modules already initialized, skipping
Refreshing native plugins compatible for Editor in 0.28 ms, found 2 plugins.
Preloading 0 native plugins for Editor in 0.00 ms.
Unloading 1388 Unused Serialized files (Serialized files now loaded: 0)
System memory in use before: 65.4 MB.
System memory in use after: 65.4 MB.

Unloading 14 unused Assets to reduce memory usage. Loaded Objects now: 1910.
Total: 1.560500 ms (FindLiveObjects: 0.133300 ms CreateObjectMapping: 0.038000 ms MarkObjects: 1.345500 ms  DeleteObjects: 0.043000 ms)

========================================================================
Received Prepare
Registering precompiled user dll's ...
Registered in 0.002435 seconds.
Begin MonoManager ReloadAssembly
Native extension for WindowsStandalone target not found
Refreshing native plugins compatible for Editor in 0.26 ms, found 2 plugins.
Preloading 0 native plugins for Editor in 0.00 ms.
Mono: successfully reloaded assembly
- Completed reload, in  0.786 seconds
Platform modules already initialized, skipping
Refreshing native plugins compatible for Editor in 0.27 ms, found 2 plugins.
Preloading 0 native plugins for Editor in 0.00 ms.
Unloading 1388 Unused Serialized files (Serialized files now loaded: 0)
System memory in use before: 65.3 MB.
System memory in use after: 65.4 MB.

Unloading 14 unused Assets to reduce memory usage. Loaded Objects now: 1913.
Total: 1.614000 ms (FindLiveObjects: 0.144000 ms CreateObjectMapping: 0.045100 ms MarkObjects: 1.346400 ms  DeleteObjects: 0.077900 ms)

========================================================================
Received Prepare
Registering precompiled user dll's ...
Registered in 0.002589 seconds.
Begin MonoManager ReloadAssembly
Native extension for WindowsStandalone target not found
Refreshing native plugins compatible for Editor in 0.25 ms, found 2 plugins.
Preloading 0 native plugins for Editor in 0.00 ms.
Mono: successfully reloaded assembly
- Completed reload, in  0.761 seconds
Platform modules already initialized, skipping
Refreshing native plugins compatible for Editor in 0.26 ms, found 2 plugins.
Preloading 0 native plugins for Editor in 0.00 ms.
Unloading 1388 Unused Serialized files (Serialized files now loaded: 0)
System memory in use before: 65.3 MB.
System memory in use after: 65.4 MB.

Unloading 14 unused Assets to reduce memory usage. Loaded Objects now: 1916.
Total: 1.552000 ms (FindLiveObjects: 0.132300 ms CreateObjectMapping: 0.039500 ms MarkObjects: 1.343900 ms  DeleteObjects: 0.035600 ms)

========================================================================
Received Prepare
Registering precompiled user dll's ...
Registered in 0.002562 seconds.
Begin MonoManager ReloadAssembly
Native extension for WindowsStandalone target not found
Refreshing native plugins compatible for Editor in 0.42 ms, found 2 plugins.
Preloading 0 native plugins for Editor in 0.00 ms.
Mono: successfully reloaded assembly
- Completed reload, in  0.827 seconds
Platform modules already initialized, skipping
Refreshing native plugins compatible for Editor in 0.29 ms, found 2 plugins.
Preloading 0 native plugins for Editor in 0.00 ms.
Unloading 1388 Unused Serialized files (Serialized files now loaded: 0)
System memory in use before: 65.3 MB.
System memory in use after: 65.4 MB.

Unloading 14 unused Assets to reduce memory usage. Loaded Objects now: 1919.
Total: 1.934600 ms (FindLiveObjects: 0.165500 ms CreateObjectMapping: 0.059500 ms MarkObjects: 1.631900 ms  DeleteObjects: 0.076300 ms)

========================================================================
Received Prepare
Registering precompiled user dll's ...
Registered in 0.002651 seconds.
Begin MonoManager ReloadAssembly
Native extension for WindowsStandalone target not found
Refreshing native plugins compatible for Editor in 0.54 ms, found 2 plugins.
Preloading 0 native plugins for Editor in 0.00 ms.
Mono: successfully reloaded assembly
- Completed reload, in  0.842 seconds
Platform modules already initialized, skipping
Refreshing native plugins compatible for Editor in 0.32 ms, found 2 plugins.
Preloading 0 native plugins for Editor in 0.00 ms.
Unloading 1388 Unused Serialized files (Serialized files now loaded: 0)
System memory in use before: 65.3 MB.
System memory in use after: 65.4 MB.

Unloading 14 unused Assets to reduce memory usage. Loaded Objects now: 1922.
Total: 2.095600 ms (FindLiveObjects: 0.183200 ms CreateObjectMapping: 0.052800 ms MarkObjects: 1.793500 ms  DeleteObjects: 0.064600 ms)

========================================================================
Received Prepare
Registering precompiled user dll's ...
Registered in 0.002493 seconds.
Begin MonoManager ReloadAssembly
Native extension for WindowsStandalone target not found
Refreshing native plugins compatible for Editor in 0.34 ms, found 2 plugins.
Preloading 0 native plugins for Editor in 0.00 ms.
Mono: successfully reloaded assembly
- Completed reload, in  0.840 seconds
Platform modules already initialized, skipping
Refreshing native plugins compatible for Editor in 0.40 ms, found 2 plugins.
Preloading 0 native plugins for Editor in 0.00 ms.
Unloading 1388 Unused Serialized files (Serialized files now loaded: 0)
System memory in use before: 65.4 MB.
System memory in use after: 65.4 MB.

Unloading 14 unused Assets to reduce memory usage. Loaded Objects now: 1925.
Total: 2.030300 ms (FindLiveObjects: 0.161500 ms CreateObjectMapping: 0.044800 ms MarkObjects: 1.766500 ms  DeleteObjects: 0.056400 ms)

========================================================================
Received Prepare
Registering precompiled user dll's ...
Registered in 0.004116 seconds.
Begin MonoManager ReloadAssembly
Native extension for WindowsStandalone target not found
Refreshing native plugins compatible for Editor in 0.25 ms, found 2 plugins.
Preloading 0 native plugins for Editor in 0.00 ms.
Mono: successfully reloaded assembly
- Completed reload, in  0.785 seconds
Platform modules already initialized, skipping
Refreshing native plugins compatible for Editor in 0.26 ms, found 2 plugins.
Preloading 0 native plugins for Editor in 0.00 ms.
Unloading 1388 Unused Serialized files (Serialized files now loaded: 0)
System memory in use before: 65.4 MB.
System memory in use after: 65.4 MB.

Unloading 14 unused Assets to reduce memory usage. Loaded Objects now: 1928.
Total: 1.636900 ms (FindLiveObjects: 0.130500 ms CreateObjectMapping: 0.044000 ms MarkObjects: 1.383900 ms  DeleteObjects: 0.077800 ms)

========================================================================
Received Prepare
Registering precompiled user dll's ...
Registered in 0.002378 seconds.
Begin MonoManager ReloadAssembly
Native extension for WindowsStandalone target not found
Refreshing native plugins compatible for Editor in 0.28 ms, found 2 plugins.
Preloading 0 native plugins for Editor in 0.00 ms.
Mono: successfully reloaded assembly
- Completed reload, in  0.843 seconds
Platform modules already initialized, skipping
Refreshing native plugins compatible for Editor in 0.42 ms, found 2 plugins.
Preloading 0 native plugins for Editor in 0.00 ms.
Unloading 1388 Unused Serialized files (Serialized files now loaded: 0)
System memory in use before: 65.4 MB.
System memory in use after: 65.4 MB.

Unloading 14 unused Assets to reduce memory usage. Loaded Objects now: 1931.
Total: 2.034200 ms (FindLiveObjects: 0.174300 ms CreateObjectMapping: 0.054200 ms MarkObjects: 1.755000 ms  DeleteObjects: 0.049600 ms)

========================================================================
Received Prepare
Registering precompiled user dll's ...
Registered in 0.002552 seconds.
Begin MonoManager ReloadAssembly
Native extension for WindowsStandalone target not found
Refreshing native plugins compatible for Editor in 0.25 ms, found 2 plugins.
Preloading 0 native plugins for Editor in 0.00 ms.
Mono: successfully reloaded assembly
- Completed reload, in  0.765 seconds
Platform modules already initialized, skipping
Refreshing native plugins compatible for Editor in 0.27 ms, found 2 plugins.
Preloading 0 native plugins for Editor in 0.00 ms.
Unloading 1388 Unused Serialized files (Serialized files now loaded: 0)
System memory in use before: 65.4 MB.
System memory in use after: 65.4 MB.

Unloading 14 unused Assets to reduce memory usage. Loaded Objects now: 1934.
Total: 1.700300 ms (FindLiveObjects: 0.135200 ms CreateObjectMapping: 0.039700 ms MarkObjects: 1.484900 ms  DeleteObjects: 0.039800 ms)

========================================================================
Received Prepare
Registering precompiled user dll's ...
Registered in 0.002955 seconds.
Begin MonoManager ReloadAssembly
Native extension for WindowsStandalone target not found
Refreshing native plugins compatible for Editor in 0.25 ms, found 2 plugins.
Preloading 0 native plugins for Editor in 0.00 ms.
Mono: successfully reloaded assembly
- Completed reload, in  0.790 seconds
Platform modules already initialized, skipping
Refreshing native plugins compatible for Editor in 0.26 ms, found 2 plugins.
Preloading 0 native plugins for Editor in 0.00 ms.
Unloading 1388 Unused Serialized files (Serialized files now loaded: 0)
System memory in use before: 65.4 MB.
System memory in use after: 65.5 MB.

Unloading 14 unused Assets to reduce memory usage. Loaded Objects now: 1937.
Total: 1.652200 ms (FindLiveObjects: 0.178600 ms CreateObjectMapping: 0.040200 ms MarkObjects: 1.363400 ms  DeleteObjects: 0.069100 ms)

========================================================================
Received Prepare
Registering precompiled user dll's ...
Registered in 0.002547 seconds.
Begin MonoManager ReloadAssembly
Native extension for WindowsStandalone target not found
Refreshing native plugins compatible for Editor in 0.26 ms, found 2 plugins.
Preloading 0 native plugins for Editor in 0.00 ms.
Mono: successfully reloaded assembly
- Completed reload, in  0.771 seconds
Platform modules already initialized, skipping
Refreshing native plugins compatible for Editor in 0.26 ms, found 2 plugins.
Preloading 0 native plugins for Editor in 0.00 ms.
Unloading 1388 Unused Serialized files (Serialized files now loaded: 0)
System memory in use before: 65.4 MB.
System memory in use after: 65.5 MB.

Unloading 14 unused Assets to reduce memory usage. Loaded Objects now: 1940.
Total: 1.504900 ms (FindLiveObjects: 0.133400 ms CreateObjectMapping: 0.041700 ms MarkObjects: 1.292300 ms  DeleteObjects: 0.036700 ms)

========================================================================
Received Prepare
Registering precompiled user dll's ...
Registered in 0.002397 seconds.
Begin MonoManager ReloadAssembly
Native extension for WindowsStandalone target not found
Refreshing native plugins compatible for Editor in 0.26 ms, found 2 plugins.
Preloading 0 native plugins for Editor in 0.00 ms.
Mono: successfully reloaded assembly
- Completed reload, in  0.772 seconds
Platform modules already initialized, skipping
Refreshing native plugins compatible for Editor in 0.28 ms, found 2 plugins.
Preloading 0 native plugins for Editor in 0.00 ms.
Unloading 1388 Unused Serialized files (Serialized files now loaded: 0)
System memory in use before: 65.4 MB.
System memory in use after: 65.5 MB.

Unloading 14 unused Assets to reduce memory usage. Loaded Objects now: 1943.
Total: 1.635900 ms (FindLiveObjects: 0.158200 ms CreateObjectMapping: 0.039600 ms MarkObjects: 1.363400 ms  DeleteObjects: 0.073900 ms)

========================================================================
Received Prepare
Registering precompiled user dll's ...
Registered in 0.002697 seconds.
Begin MonoManager ReloadAssembly
Native extension for WindowsStandalone target not found
Refreshing native plugins compatible for Editor in 0.31 ms, found 2 plugins.
Preloading 0 native plugins for Editor in 0.00 ms.
Mono: successfully reloaded assembly
- Completed reload, in  0.840 seconds
Platform modules already initialized, skipping
Refreshing native plugins compatible for Editor in 0.26 ms, found 2 plugins.
Preloading 0 native plugins for Editor in 0.00 ms.
Unloading 1388 Unused Serialized files (Serialized files now loaded: 0)
System memory in use before: 65.4 MB.
System memory in use after: 65.5 MB.

Unloading 14 unused Assets to reduce memory usage. Loaded Objects now: 1946.
Total: 1.837700 ms (FindLiveObjects: 0.193200 ms CreateObjectMapping: 0.079500 ms MarkObjects: 1.519400 ms  DeleteObjects: 0.044700 ms)

========================================================================
Received Prepare
Registering precompiled user dll's ...
Registered in 0.002621 seconds.
Begin MonoManager ReloadAssembly
Native extension for WindowsStandalone target not found
Refreshing native plugins compatible for Editor in 0.26 ms, found 2 plugins.
Preloading 0 native plugins for Editor in 0.00 ms.
Mono: successfully reloaded assembly
- Completed reload, in  0.775 seconds
Platform modules already initialized, skipping
Refreshing native plugins compatible for Editor in 0.26 ms, found 2 plugins.
Preloading 0 native plugins for Editor in 0.00 ms.
Unloading 1388 Unused Serialized files (Serialized files now loaded: 0)
System memory in use before: 65.4 MB.
System memory in use after: 65.5 MB.

Unloading 14 unused Assets to reduce memory usage. Loaded Objects now: 1949.
Total: 1.850400 ms (FindLiveObjects: 0.143800 ms CreateObjectMapping: 0.041700 ms MarkObjects: 1.624400 ms  DeleteObjects: 0.039700 ms)

========================================================================
Received Prepare
Registering precompiled user dll's ...
Registered in 0.002613 seconds.
Begin MonoManager ReloadAssembly
Native extension for WindowsStandalone target not found
Refreshing native plugins compatible for Editor in 0.29 ms, found 2 plugins.
Preloading 0 native plugins for Editor in 0.00 ms.
Mono: successfully reloaded assembly
- Completed reload, in  0.750 seconds
Platform modules already initialized, skipping
Refreshing native plugins compatible for Editor in 0.28 ms, found 2 plugins.
Preloading 0 native plugins for Editor in 0.00 ms.
Unloading 1388 Unused Serialized files (Serialized files now loaded: 0)
System memory in use before: 65.4 MB.
System memory in use after: 65.5 MB.

Unloading 14 unused Assets to reduce memory usage. Loaded Objects now: 1952.
Total: 1.538000 ms (FindLiveObjects: 0.139200 ms CreateObjectMapping: 0.040700 ms MarkObjects: 1.317400 ms  DeleteObjects: 0.039900 ms)

========================================================================
Received Import Request.
  Time since last request: 1642.817672 seconds.
  path: Assets/Scripts/Denemee.cs
  artifactKey: Guid(bceb1946fa624144bb4be83db4c06e83) Importer(815301076,1909f56bfc062723c751e8b465ee728b)
Start importing Assets/Scripts/Denemee.cs using Guid(bceb1946fa624144bb4be83db4c06e83) Importer(815301076,1909f56bfc062723c751e8b465ee728b)  -> (artifact id: 'c60a2886707fef7788d9f90986e0696b') in 0.012347 seconds
  Import took 0.015510 seconds .

========================================================================
Received Prepare
Registering precompiled user dll's ...
Registered in 0.002651 seconds.
Begin MonoManager ReloadAssembly
Native extension for WindowsStandalone target not found
Refreshing native plugins compatible for Editor in 0.26 ms, found 2 plugins.
Preloading 0 native plugins for Editor in 0.00 ms.
Mono: successfully reloaded assembly
- Completed reload, in  0.816 seconds
Platform modules already initialized, skipping
Refreshing native plugins compatible for Editor in 0.28 ms, found 2 plugins.
Preloading 0 native plugins for Editor in 0.00 ms.
Unloading 1389 Unused Serialized files (Serialized files now loaded: 0)
System memory in use before: 65.4 MB.
System memory in use after: 65.5 MB.

Unloading 14 unused Assets to reduce memory usage. Loaded Objects now: 1956.
Total: 2.409900 ms (FindLiveObjects: 0.189800 ms CreateObjectMapping: 0.068500 ms MarkObjects: 2.057900 ms  DeleteObjects: 0.092400 ms)

========================================================================
Received Prepare
Registering precompiled user dll's ...
Registered in 0.002675 seconds.
Begin MonoManager ReloadAssembly
Native extension for WindowsStandalone target not found
Refreshing native plugins compatible for Editor in 0.25 ms, found 2 plugins.
Preloading 0 native plugins for Editor in 0.00 ms.
Mono: successfully reloaded assembly
- Completed reload, in  0.766 seconds
Platform modules already initialized, skipping
Refreshing native plugins compatible for Editor in 0.26 ms, found 2 plugins.
Preloading 0 native plugins for Editor in 0.00 ms.
Unloading 1389 Unused Serialized files (Serialized files now loaded: 0)
System memory in use before: 65.4 MB.
System memory in use after: 65.5 MB.

Unloading 14 unused Assets to reduce memory usage. Loaded Objects now: 1959.
Total: 1.565900 ms (FindLiveObjects: 0.137600 ms CreateObjectMapping: 0.043300 ms MarkObjects: 1.308700 ms  DeleteObjects: 0.075400 ms)

========================================================================
Received Import Request.
  Time since last request: 145.891920 seconds.
  path: Assets/Scripts/DenemeExtra.cs
  artifactKey: Guid(e8dbd7d34e1fb644a8ede64f3206aa47) Importer(815301076,1909f56bfc062723c751e8b465ee728b)
Start importing Assets/Scripts/DenemeExtra.cs using Guid(e8dbd7d34e1fb644a8ede64f3206aa47) Importer(815301076,1909f56bfc062723c751e8b465ee728b)  -> (artifact id: '3cbc77909866d62e1b8038a67d8d517d') in 0.012400 seconds
  Import took 0.015333 seconds .

========================================================================
Received Prepare
Registering precompiled user dll's ...
Registered in 0.002421 seconds.
Begin MonoManager ReloadAssembly
Native extension for WindowsStandalone target not found
Refreshing native plugins compatible for Editor in 0.26 ms, found 2 plugins.
Preloading 0 native plugins for Editor in 0.00 ms.
Mono: successfully reloaded assembly
- Completed reload, in  0.793 seconds
Platform modules already initialized, skipping
Refreshing native plugins compatible for Editor in 0.30 ms, found 2 plugins.
Preloading 0 native plugins for Editor in 0.00 ms.
Unloading 1390 Unused Serialized files (Serialized files now loaded: 0)
System memory in use before: 65.5 MB.
System memory in use after: 65.5 MB.

Unloading 14 unused Assets to reduce memory usage. Loaded Objects now: 1963.
Total: 1.938700 ms (FindLiveObjects: 0.173200 ms CreateObjectMapping: 0.059600 ms MarkObjects: 1.610300 ms  DeleteObjects: 0.094300 ms)

========================================================================
Received Import Request.
  Time since last request: 175.643257 seconds.
  path: Assets/Scripts/DenemeExtra.cs
  artifactKey: Guid(e8dbd7d34e1fb644a8ede64f3206aa47) Importer(815301076,1909f56bfc062723c751e8b465ee728b)
Start importing Assets/Scripts/DenemeExtra.cs using Guid(e8dbd7d34e1fb644a8ede64f3206aa47) Importer(815301076,1909f56bfc062723c751e8b465ee728b)  -> (artifact id: '6b4b4eaf36f5c349eb567b6ac5ea6761') in 0.005365 seconds
  Import took 0.008221 seconds .

========================================================================
Received Import Request.
  Time since last request: 4.774291 seconds.
  path: Assets/Scripts/Denemee.cs
  artifactKey: Guid(bceb1946fa624144bb4be83db4c06e83) Importer(815301076,1909f56bfc062723c751e8b465ee728b)
Start importing Assets/Scripts/Denemee.cs using Guid(bceb1946fa624144bb4be83db4c06e83) Importer(815301076,1909f56bfc062723c751e8b465ee728b)  -> (artifact id: 'c7c5f783fc0848a86b48fd9250d8928a') in 0.001981 seconds
  Import took 0.004108 seconds .

========================================================================
Received Prepare
Registering precompiled user dll's ...
Registered in 0.003073 seconds.
Begin MonoManager ReloadAssembly
Native extension for WindowsStandalone target not found
Refreshing native plugins compatible for Editor in 0.27 ms, found 2 plugins.
Preloading 0 native plugins for Editor in 0.00 ms.
Mono: successfully reloaded assembly
- Completed reload, in  0.816 seconds
Platform modules already initialized, skipping
Refreshing native plugins compatible for Editor in 0.28 ms, found 2 plugins.
Preloading 0 native plugins for Editor in 0.00 ms.
Unloading 1389 Unused Serialized files (Serialized files now loaded: 0)
System memory in use before: 65.4 MB.
System memory in use after: 65.5 MB.

Unloading 15 unused Assets to reduce memory usage. Loaded Objects now: 1965.
Total: 1.592600 ms (FindLiveObjects: 0.138700 ms CreateObjectMapping: 0.042900 ms MarkObjects: 1.352200 ms  DeleteObjects: 0.058000 ms)

========================================================================
Received Prepare
Registering precompiled user dll's ...
Registered in 0.002463 seconds.
Begin MonoManager ReloadAssembly
Native extension for WindowsStandalone target not found
Refreshing native plugins compatible for Editor in 0.26 ms, found 2 plugins.
Preloading 0 native plugins for Editor in 0.00 ms.
Mono: successfully reloaded assembly
- Completed reload, in  0.825 seconds
Platform modules already initialized, skipping
Refreshing native plugins compatible for Editor in 0.26 ms, found 2 plugins.
Preloading 0 native plugins for Editor in 0.00 ms.
Unloading 1389 Unused Serialized files (Serialized files now loaded: 0)
System memory in use before: 65.4 MB.
System memory in use after: 65.5 MB.

Unloading 14 unused Assets to reduce memory usage. Loaded Objects now: 1968.
Total: 1.541700 ms (FindLiveObjects: 0.138700 ms CreateObjectMapping: 0.041700 ms MarkObjects: 1.321800 ms  DeleteObjects: 0.038700 ms)

========================================================================
Received Prepare
Registering precompiled user dll's ...
Registered in 0.003034 seconds.
Begin MonoManager ReloadAssembly
Native extension for WindowsStandalone target not found
Refreshing native plugins compatible for Editor in 0.27 ms, found 2 plugins.
Preloading 0 native plugins for Editor in 0.00 ms.
Mono: successfully reloaded assembly
- Completed reload, in  0.765 seconds
Platform modules already initialized, skipping
Refreshing native plugins compatible for Editor in 0.30 ms, found 2 plugins.
Preloading 0 native plugins for Editor in 0.00 ms.
Unloading 1389 Unused Serialized files (Serialized files now loaded: 0)
System memory in use before: 65.4 MB.
System memory in use after: 65.5 MB.

Unloading 14 unused Assets to reduce memory usage. Loaded Objects now: 1971.
Total: 1.571400 ms (FindLiveObjects: 0.143200 ms CreateObjectMapping: 0.042400 ms MarkObjects: 1.342800 ms  DeleteObjects: 0.042300 ms)

========================================================================
Received Import Request.
  Time since last request: 99.482446 seconds.
  path: Assets/Scripts/PhoneFactory.cs
  artifactKey: Guid(c1d5fe55ccae5ac4a95b4e78585a7afb) Importer(815301076,1909f56bfc062723c751e8b465ee728b)
Start importing Assets/Scripts/PhoneFactory.cs using Guid(c1d5fe55ccae5ac4a95b4e78585a7afb) Importer(815301076,1909f56bfc062723c751e8b465ee728b)  -> (artifact id: '6df62dce53f509bad108039582b564c3') in 0.005294 seconds
  Import took 0.007042 seconds .

========================================================================
Received Prepare
Registering precompiled user dll's ...
Registered in 0.002658 seconds.
Begin MonoManager ReloadAssembly
Native extension for WindowsStandalone target not found
Refreshing native plugins compatible for Editor in 0.26 ms, found 2 plugins.
Preloading 0 native plugins for Editor in 0.00 ms.
Mono: successfully reloaded assembly
- Completed reload, in  0.753 seconds
Platform modules already initialized, skipping
Refreshing native plugins compatible for Editor in 0.35 ms, found 2 plugins.
Preloading 0 native plugins for Editor in 0.00 ms.
Unloading 1389 Unused Serialized files (Serialized files now loaded: 0)
System memory in use before: 65.5 MB.
System memory in use after: 65.5 MB.

Unloading 14 unused Assets to reduce memory usage. Loaded Objects now: 1974.
Total: 2.375900 ms (FindLiveObjects: 0.209100 ms CreateObjectMapping: 0.067700 ms MarkObjects: 1.824300 ms  DeleteObjects: 0.272200 ms)

========================================================================
Received Import Request.
  Time since last request: 9.806436 seconds.
  path: Assets/Scripts/Andoid.cs
  artifactKey: Guid(f94df2cf19704274daa216536591a559) Importer(815301076,1909f56bfc062723c751e8b465ee728b)
Start importing Assets/Scripts/Andoid.cs using Guid(f94df2cf19704274daa216536591a559) Importer(815301076,1909f56bfc062723c751e8b465ee728b)  -> (artifact id: '3e916287b58f16a545db6f41ed65634f') in 0.007225 seconds
  Import took 0.009216 seconds .

========================================================================
Received Import Request.
  Time since last request: 15.772645 seconds.
  path: Assets/Scripts/Phone.cs
  artifactKey: Guid(8e9df2d3816c9804cbbe8602ecdb24e8) Importer(815301076,1909f56bfc062723c751e8b465ee728b)
Start importing Assets/Scripts/Phone.cs using Guid(8e9df2d3816c9804cbbe8602ecdb24e8) Importer(815301076,1909f56bfc062723c751e8b465ee728b)  -> (artifact id: '375c54fee914ac8d09fe1f9a88871a42') in 0.006006 seconds
  Import took 0.008288 seconds .

========================================================================
Received Import Request.
  Time since last request: 0.709494 seconds.
  path: Assets/Scripts/PhoneCreater.cs
  artifactKey: Guid(980886c18b3e19a4ebcc77483b3c4365) Importer(815301076,1909f56bfc062723c751e8b465ee728b)
Start importing Assets/Scripts/PhoneCreater.cs using Guid(980886c18b3e19a4ebcc77483b3c4365) Importer(815301076,1909f56bfc062723c751e8b465ee728b)  -> (artifact id: 'b2f8943c4d54cca9b9fdf72e37b18094') in 0.001692 seconds
  Import took 0.003530 seconds .

========================================================================
Received Import Request.
  Time since last request: 20.377959 seconds.
  path: Assets/Scripts/Iphone.cs
  artifactKey: Guid(62d83e9bf1f05d74385cbcd0d300c306) Importer(815301076,1909f56bfc062723c751e8b465ee728b)
Start importing Assets/Scripts/Iphone.cs using Guid(62d83e9bf1f05d74385cbcd0d300c306) Importer(815301076,1909f56bfc062723c751e8b465ee728b)  -> (artifact id: '11ea3408103146cfaeaf46fd5a26dc6e') in 0.002288 seconds
  Import took 0.005028 seconds .

========================================================================
Received Import Request.
  Time since last request: 5.203774 seconds.
  path: Assets/Scripts/Denemee.cs
  artifactKey: Guid(bceb1946fa624144bb4be83db4c06e83) Importer(815301076,1909f56bfc062723c751e8b465ee728b)
Start importing Assets/Scripts/Denemee.cs using Guid(bceb1946fa624144bb4be83db4c06e83) Importer(815301076,1909f56bfc062723c751e8b465ee728b)  -> (artifact id: 'c0118d9af172d75c7ca798ccfb8ccef1') in 0.005960 seconds
  Import took 0.008712 seconds .

